2025-06-24 22:45:22,503 [INFO] HTTP Request: GET https://dagshub.com/api/v1/user "HTTP/1.1 200 OK"
2025-06-24 22:45:22,512 [INFO] Accessing as Abhiram-6
2025-06-24 22:45:23,092 [INFO] HTTP Request: GET https://dagshub.com/api/v1/repos/Abhiram-6/networksecurity "HTTP/1.1 200 OK"
2025-06-24 22:45:23,591 [INFO] HTTP Request: GET https://dagshub.com/api/v1/user "HTTP/1.1 200 OK"
2025-06-24 22:45:23,595 [INFO] Initialized MLflow to track repo "Abhiram-6/networksecurity"
2025-06-24 22:45:23,597 [INFO] Repository Abhiram-6/networksecurity initialized!
2025-06-24 22:45:24,267 [INFO] Enter the try block
2025-06-24 22:45:27,613 [INFO] Performed train test split on the dataframe
2025-06-24 22:45:27,614 [INFO] Exited split_data_as_train_test method of Data_Ingestion class
2025-06-24 22:45:27,614 [INFO] Exporting train and test file path.
2025-06-24 22:45:27,656 [INFO] Exported train and test file path.
2025-06-24 22:45:27,657 [INFO] Data ingestion is completed
2025-06-24 22:45:27,663 [INFO] initate data validation
2025-06-24 22:45:27,761 [INFO] Required number of columns: 2
2025-06-24 22:45:27,761 [INFO] Data frame has columns : 31
2025-06-24 22:45:27,761 [INFO] Required number of columns: 2
2025-06-24 22:45:27,761 [INFO] Data frame has columns : 31
2025-06-24 22:45:27,919 [INFO] data validation is completed
2025-06-24 22:45:27,920 [INFO] data transformation started
2025-06-24 22:45:27,920 [INFO]  entered initiate_data_transformation method 
2025-06-24 22:45:27,921 [INFO] starting data transformation
2025-06-24 22:45:27,953 [INFO] Entered get_data_trnasformer_object method of Trnasformation class
2025-06-24 22:45:27,953 [INFO] intialize KNNImputer with params: {'missing_values': nan, 'n_neighbors': 3, 'weights': 'uniform'}
2025-06-24 22:45:27,971 [INFO] Entered the save_object method of MainUtils class
2025-06-24 22:45:27,978 [INFO] Exited the save_object method of MainUtils class
2025-06-24 22:45:27,978 [INFO] Entered the save_object method of MainUtils class
2025-06-24 22:45:27,984 [INFO] Exited the save_object method of MainUtils class
2025-06-24 22:45:27,987 [INFO]  data transformation completed 
2025-06-24 22:45:27,987 [INFO] Model Training sstared
