2025-06-24 22:56:42,468 [INFO] HTTP Request: GET https://dagshub.com/api/v1/user "HTTP/1.1 200 OK"
2025-06-24 22:56:42,472 [INFO] Accessing as Abhiram-6
2025-06-24 22:56:43,102 [INFO] HTTP Request: GET https://dagshub.com/api/v1/repos/Abhiram-6/networksecurity "HTTP/1.1 200 OK"
2025-06-24 22:56:43,587 [INFO] HTTP Request: GET https://dagshub.com/api/v1/user "HTTP/1.1 200 OK"
2025-06-24 22:56:43,589 [INFO] Initialized MLflow to track repo "Abhiram-6/networksecurity"
2025-06-24 22:56:43,589 [INFO] Repository Abhiram-6/networksecurity initialized!
2025-06-24 22:56:43,590 [INFO] Enter the try block
2025-06-24 22:56:46,746 [INFO] Performed train test split on the dataframe
2025-06-24 22:56:46,746 [INFO] Exited split_data_as_train_test method of Data_Ingestion class
2025-06-24 22:56:46,747 [INFO] Exporting train and test file path.
2025-06-24 22:56:46,786 [INFO] Exported train and test file path.
2025-06-24 22:56:46,786 [INFO] Data ingestion is completed
2025-06-24 22:56:46,792 [INFO] initate data validation
2025-06-24 22:56:46,842 [INFO] Required number of columns: 2
2025-06-24 22:56:46,843 [INFO] Data frame has columns : 31
2025-06-24 22:56:46,843 [INFO] Required number of columns: 2
2025-06-24 22:56:46,843 [INFO] Data frame has columns : 31
2025-06-24 22:56:46,947 [INFO] data validation is completed
2025-06-24 22:56:46,947 [INFO] data transformation started
2025-06-24 22:56:46,947 [INFO]  entered initiate_data_transformation method 
2025-06-24 22:56:46,947 [INFO] starting data transformation
2025-06-24 22:56:46,965 [INFO] Entered get_data_trnasformer_object method of Trnasformation class
2025-06-24 22:56:46,966 [INFO] intialize KNNImputer with params: {'missing_values': nan, 'n_neighbors': 3, 'weights': 'uniform'}
2025-06-24 22:56:46,977 [INFO] Entered the save_object method of MainUtils class
2025-06-24 22:56:46,979 [INFO] Exited the save_object method of MainUtils class
2025-06-24 22:56:46,979 [INFO] Entered the save_object method of MainUtils class
2025-06-24 22:56:46,981 [INFO] Exited the save_object method of MainUtils class
2025-06-24 22:56:46,982 [INFO]  data transformation completed 
2025-06-24 22:56:46,982 [INFO] Model Training sstared
2025-06-24 23:01:24,600 [INFO] Entered the save_object method of MainUtils class
2025-06-24 23:01:24,635 [INFO] Exited the save_object method of MainUtils class
2025-06-24 23:01:24,637 [INFO] Model Training artifact created
