2025-06-24 21:52:54,442 [INFO] Enter the try block
2025-06-24 21:52:59,230 [INFO] Performed train test split on the dataframe
2025-06-24 21:52:59,230 [INFO] Exited split_data_as_train_test method of Data_Ingestion class
2025-06-24 21:52:59,231 [INFO] Exporting train and test file path.
2025-06-24 21:52:59,323 [INFO] Exported train and test file path.
2025-06-24 21:52:59,324 [INFO] Data ingestion is completed
2025-06-24 21:52:59,343 [INFO] initate data validation
2025-06-24 21:52:59,505 [INFO] Required number of columns: 2
2025-06-24 21:52:59,505 [INFO] Data frame has columns : 31
2025-06-24 21:52:59,506 [INFO] Required number of columns: 2
2025-06-24 21:52:59,506 [INFO] Data frame has columns : 31
2025-06-24 21:52:59,781 [INFO] data validation is completed
2025-06-24 21:52:59,782 [INFO] data transformation started
2025-06-24 21:52:59,782 [INFO]  entered initiate_data_transformation method 
2025-06-24 21:52:59,782 [INFO] starting data transformation
2025-06-24 21:52:59,824 [INFO] Entered get_data_trnasformer_object method of Trnasformation class
2025-06-24 21:52:59,824 [INFO] intialize KNNImputer with params: {'missing_values': nan, 'n_neighbors': 3, 'weights': 'uniform'}
2025-06-24 21:52:59,839 [INFO] Entered the save_object method of MainUtils class
2025-06-24 21:52:59,842 [INFO] Exited the save_object method of MainUtils class
2025-06-24 21:52:59,844 [INFO]  data transformation completed 
2025-06-24 21:52:59,844 [INFO] Model Training sstared
