2025-06-25 10:50:53,401 [INFO] HTTP Request: GET https://dagshub.com/api/v1/user "HTTP/1.1 200 OK"
2025-06-25 10:50:53,417 [INFO] Accessing as Abhiram-6
2025-06-25 10:50:53,998 [INFO] HTTP Request: GET https://dagshub.com/api/v1/repos/Abhiram-6/networksecurity "HTTP/1.1 200 OK"
2025-06-25 10:50:54,526 [INFO] HTTP Request: GET https://dagshub.com/api/v1/user "HTTP/1.1 200 OK"
2025-06-25 10:50:54,532 [INFO] Initialized MLflow to track repo "Abhiram-6/networksecurity"
2025-06-25 10:50:54,535 [INFO] Repository Abhiram-6/networksecurity initialized!
2025-06-25 10:51:07,157 [INFO] Start data Ingestion
2025-06-25 10:51:09,968 [INFO] Performed train test split on the dataframe
2025-06-25 10:51:09,968 [INFO] Exited split_data_as_train_test method of Data_Ingestion class
2025-06-25 10:51:09,970 [INFO] Exporting train and test file path.
2025-06-25 10:51:10,156 [INFO] Exported train and test file path.
2025-06-25 10:51:10,158 [INFO] Data Ingestion completed and artifact: DataIngestionArtifact(trained_file_path='Artifacts\\06_25_2025_10_50_49\\data_ingestion\\ingested\\train.csv', test_file_path='Artifacts\\06_25_2025_10_50_49\\data_ingestion\\ingested\\test.csv')
2025-06-25 10:51:10,180 [INFO] Start data validation
2025-06-25 10:51:10,335 [INFO] Required number of columns: 2
2025-06-25 10:51:10,335 [INFO] Data frame has columns : 31
2025-06-25 10:51:10,335 [INFO] Required number of columns: 2
2025-06-25 10:51:10,336 [INFO] Data frame has columns : 31
2025-06-25 10:51:10,878 [INFO]  entered initiate_data_transformation method 
2025-06-25 10:51:10,879 [INFO] starting data transformation
2025-06-25 10:51:10,956 [INFO] Entered get_data_trnasformer_object method of Trnasformation class
2025-06-25 10:51:10,956 [INFO] intialize KNNImputer with params: {'missing_values': nan, 'n_neighbors': 3, 'weights': 'uniform'}
2025-06-25 10:51:10,997 [INFO] Entered the save_object method of MainUtils class
2025-06-25 10:51:11,006 [INFO] Exited the save_object method of MainUtils class
2025-06-25 10:51:11,006 [INFO] Entered the save_object method of MainUtils class
2025-06-25 10:51:11,014 [INFO] Exited the save_object method of MainUtils class
2025-06-25 10:59:45,801 [INFO] Entered the save_object method of MainUtils class
2025-06-25 10:59:45,846 [INFO] Exited the save_object method of MainUtils class
