2025-06-24 21:16:32,715 [INFO] Enter the try block
2025-06-24 21:16:38,429 [INFO] Performed train test split on the dataframe
2025-06-24 21:16:38,430 [INFO] Exited split_data_as_train_test method of Data_Ingestion class
2025-06-24 21:16:38,431 [INFO] Exporting train and test file path.
2025-06-24 21:16:38,549 [INFO] Exported train and test file path.
2025-06-24 21:16:38,550 [INFO] Data ingestion is completed
2025-06-24 21:16:38,574 [INFO] initate data validation
2025-06-24 21:16:38,710 [INFO] Required number of columns: 2
2025-06-24 21:16:38,711 [INFO] Data frame has columns : 31
2025-06-24 21:16:38,711 [INFO] Required number of columns: 2
2025-06-24 21:16:38,712 [INFO] Data frame has columns : 31
2025-06-24 21:16:39,077 [INFO] data validation is completed
2025-06-24 21:16:39,077 [INFO] data transformation started
2025-06-24 21:16:39,078 [INFO]  entered initiate_data_transformation method 
2025-06-24 21:16:39,078 [INFO] starting data transformation
2025-06-24 21:16:39,131 [INFO] Entered get_data_trnasformer_object method of Trnasformation class
2025-06-24 21:16:39,132 [INFO] intialize KNNImputer with params: {'missing_values': nan, 'n_neighbors': 3, 'weights': 'uniform'}
2025-06-24 21:16:39,159 [INFO] Entered the save_object method of MainUtils class
2025-06-24 21:16:39,167 [INFO] Exited the save_object method of MainUtils class
2025-06-24 21:16:39,171 [INFO]  data transformation completed 
2025-06-24 21:16:39,171 [INFO] Model Training sstared
