2025-06-24 22:53:18,783 [INFO] HTTP Request: GET https://dagshub.com/api/v1/user "HTTP/1.1 200 OK"
2025-06-24 22:53:18,787 [INFO] Accessing as Abhiram-6
2025-06-24 22:53:19,422 [INFO] HTTP Request: GET https://dagshub.com/api/v1/repos/Abhiram-6/networksecurity "HTTP/1.1 200 OK"
2025-06-24 22:53:19,902 [INFO] HTTP Request: GET https://dagshub.com/api/v1/user "HTTP/1.1 200 OK"
2025-06-24 22:53:19,904 [INFO] Initialized MLflow to track repo "Abhiram-6/networksecurity"
2025-06-24 22:53:19,905 [INFO] Repository Abhiram-6/networksecurity initialized!
2025-06-24 22:53:19,905 [INFO] Enter the try block
2025-06-24 22:53:23,053 [INFO] Performed train test split on the dataframe
2025-06-24 22:53:23,053 [INFO] Exited split_data_as_train_test method of Data_Ingestion class
2025-06-24 22:53:23,053 [INFO] Exporting train and test file path.
2025-06-24 22:53:23,095 [INFO] Exported train and test file path.
2025-06-24 22:53:23,095 [INFO] Data ingestion is completed
2025-06-24 22:53:23,101 [INFO] initate data validation
2025-06-24 22:53:23,155 [INFO] Required number of columns: 2
2025-06-24 22:53:23,155 [INFO] Data frame has columns : 31
2025-06-24 22:53:23,155 [INFO] Required number of columns: 2
2025-06-24 22:53:23,155 [INFO] Data frame has columns : 31
2025-06-24 22:53:23,261 [INFO] data validation is completed
2025-06-24 22:53:23,262 [INFO] data transformation started
2025-06-24 22:53:23,262 [INFO]  entered initiate_data_transformation method 
2025-06-24 22:53:23,262 [INFO] starting data transformation
2025-06-24 22:53:23,278 [INFO] Entered get_data_trnasformer_object method of Trnasformation class
2025-06-24 22:53:23,278 [INFO] intialize KNNImputer with params: {'missing_values': nan, 'n_neighbors': 3, 'weights': 'uniform'}
2025-06-24 22:53:23,290 [INFO] Entered the save_object method of MainUtils class
2025-06-24 22:53:23,292 [INFO] Exited the save_object method of MainUtils class
2025-06-24 22:53:23,292 [INFO] Entered the save_object method of MainUtils class
2025-06-24 22:53:23,294 [INFO] Exited the save_object method of MainUtils class
2025-06-24 22:53:23,295 [INFO]  data transformation completed 
2025-06-24 22:53:23,295 [INFO] Model Training sstared
