2025-06-24 22:31:24,121 [INFO] HTTP Request: POST https://dagshub.com/login/oauth/middleman "HTTP/1.1 200 OK"
2025-06-24 22:31:24,622 [INFO] HTTP Request: POST https://dagshub.com/login/oauth/access_token "HTTP/1.1 200 OK"
2025-06-24 22:31:25,195 [INFO] HTTP Request: GET https://dagshub.com/api/v1/user "HTTP/1.1 200 OK"
2025-06-24 22:31:25,201 [INFO] Accessing as Abhiram-6
2025-06-24 22:31:25,812 [INFO] HTTP Request: GET https://dagshub.com/api/v1/repos/Abhiram-6/networksecurity "HTTP/1.1 200 OK"
2025-06-24 22:31:26,473 [INFO] HTTP Request: GET https://dagshub.com/api/v1/user "HTTP/1.1 200 OK"
2025-06-24 22:31:26,481 [INFO] Initialized MLflow to track repo "Abhiram-6/networksecurity"
2025-06-24 22:31:26,483 [INFO] Repository Abhiram-6/networksecurity initialized!
2025-06-24 22:31:27,206 [INFO] Enter the try block
2025-06-24 22:31:31,825 [INFO] Performed train test split on the dataframe
2025-06-24 22:31:31,825 [INFO] Exited split_data_as_train_test method of Data_Ingestion class
2025-06-24 22:31:31,825 [INFO] Exporting train and test file path.
2025-06-24 22:31:31,879 [INFO] Exported train and test file path.
2025-06-24 22:31:31,879 [INFO] Data ingestion is completed
2025-06-24 22:31:31,884 [INFO] initate data validation
2025-06-24 22:31:31,996 [INFO] Required number of columns: 2
2025-06-24 22:31:31,997 [INFO] Data frame has columns : 31
2025-06-24 22:31:31,997 [INFO] Required number of columns: 2
2025-06-24 22:31:31,997 [INFO] Data frame has columns : 31
2025-06-24 22:31:32,142 [INFO] data validation is completed
2025-06-24 22:31:32,143 [INFO] data transformation started
2025-06-24 22:31:32,144 [INFO]  entered initiate_data_transformation method 
2025-06-24 22:31:32,144 [INFO] starting data transformation
2025-06-24 22:31:32,182 [INFO] Entered get_data_trnasformer_object method of Trnasformation class
2025-06-24 22:31:32,182 [INFO] intialize KNNImputer with params: {'missing_values': nan, 'n_neighbors': 3, 'weights': 'uniform'}
2025-06-24 22:31:32,198 [INFO] Entered the save_object method of MainUtils class
2025-06-24 22:31:32,202 [INFO] Exited the save_object method of MainUtils class
2025-06-24 22:31:32,204 [INFO]  data transformation completed 
2025-06-24 22:31:32,205 [INFO] Model Training sstared
